<?xml version="1.0" encoding="UTF-8"?>
<testng-results ignored="0" total="6" passed="6" failed="0" skipped="0">
  <reporter-output>
  </reporter-output>
  <suite started-at="2023-06-08T16:02:30 IST" name="Suite" finished-at="2023-06-08T16:05:00 IST" duration-ms="149489">
    <groups>
      <group name="cucumber">
        <method signature="AbstractTestNGCucumberTests.runScenario(io.cucumber.testng.PickleWrapper,io.cucumber.testng.FeatureWrapper)[pri:0, instance:testrunner.LoginPage_testrunner2@2b91004a]" name="runScenario" class="io.cucumber.testng.AbstractTestNGCucumberTests"/>
        <method signature="AbstractTestNGCucumberTests.runScenario(io.cucumber.testng.PickleWrapper,io.cucumber.testng.FeatureWrapper)[pri:0, instance:testrunner.LoginPage_testrunner@3232a28a]" name="runScenario" class="io.cucumber.testng.AbstractTestNGCucumberTests"/>
        <method signature="AbstractTestNGCucumberTests.runScenario(io.cucumber.testng.PickleWrapper,io.cucumber.testng.FeatureWrapper)[pri:0, instance:testrunner.Login_page_Excel@20ccf40b]" name="runScenario" class="io.cucumber.testng.AbstractTestNGCucumberTests"/>
      </group> <!-- cucumber -->
    </groups>
    <test started-at="2023-06-08T16:02:30 IST" name="Test" finished-at="2023-06-08T16:05:00 IST" duration-ms="149489">
      <class name="testrunner.LoginPage_testrunner">
        <test-method is-config="true" signature="setUpClass(org.testng.ITestContext)[pri:0, instance:testrunner.LoginPage_testrunner@3232a28a]" started-at="2023-06-08T16:02:30 IST" name="setUpClass" finished-at="2023-06-08T16:02:31 IST" duration-ms="825" status="PASS">
          <params>
            <param index="0">
              <value>
                <![CDATA[org.testng.TestRunner@df9d400]]>
              </value>
            </param>
          </params>
          <reporter-output>
          </reporter-output>
        </test-method> <!-- setUpClass -->
        <test-method signature="runScenario(io.cucumber.testng.PickleWrapper,io.cucumber.testng.FeatureWrapper)[pri:0, instance:testrunner.LoginPage_testrunner@3232a28a]" started-at="2023-06-08T16:02:31 IST" name="runScenario" description="Runs Cucumber Scenarios" data-provider="scenarios" finished-at="2023-06-08T16:03:15 IST" duration-ms="43893" status="PASS">
          <params>
            <param index="0">
              <value>
                <![CDATA["UI"]]>
              </value>
            </param>
            <param index="1">
              <value>
                <![CDATA["To check login functionality"]]>
              </value>
            </param>
          </params>
          <reporter-output>
          </reporter-output>
        </test-method> <!-- runScenario -->
        <test-method signature="runScenario(io.cucumber.testng.PickleWrapper,io.cucumber.testng.FeatureWrapper)[pri:0, instance:testrunner.LoginPage_testrunner@3232a28a]" started-at="2023-06-08T16:03:15 IST" name="runScenario" description="Runs Cucumber Scenarios" data-provider="scenarios" finished-at="2023-06-08T16:03:30 IST" duration-ms="15318" status="PASS">
          <params>
            <param index="0">
              <value>
                <![CDATA["Landing Page"]]>
              </value>
            </param>
            <param index="1">
              <value>
                <![CDATA["To check login functionality"]]>
              </value>
            </param>
          </params>
          <reporter-output>
          </reporter-output>
        </test-method> <!-- runScenario -->
        <test-method signature="runScenario(io.cucumber.testng.PickleWrapper,io.cucumber.testng.FeatureWrapper)[pri:0, instance:testrunner.LoginPage_testrunner@3232a28a]" started-at="2023-06-08T16:03:30 IST" name="runScenario" description="Runs Cucumber Scenarios" data-provider="scenarios" finished-at="2023-06-08T16:04:14 IST" duration-ms="44146" status="PASS">
          <params>
            <param index="0">
              <value>
                <![CDATA["Check login is successfull with valid credentials"]]>
              </value>
            </param>
            <param index="1">
              <value>
                <![CDATA["To check login functionality"]]>
              </value>
            </param>
          </params>
          <reporter-output>
          </reporter-output>
        </test-method> <!-- runScenario -->
        <test-method is-config="true" signature="tearDownClass()[pri:0, instance:testrunner.LoginPage_testrunner@3232a28a]" started-at="2023-06-08T16:04:14 IST" name="tearDownClass" finished-at="2023-06-08T16:04:15 IST" duration-ms="71" status="PASS">
          <reporter-output>
          </reporter-output>
        </test-method> <!-- tearDownClass -->
      </class> <!-- testrunner.LoginPage_testrunner -->
      <class name="testrunner.Login_page_Excel">
        <test-method is-config="true" signature="setUpClass(org.testng.ITestContext)[pri:0, instance:testrunner.Login_page_Excel@20ccf40b]" started-at="2023-06-08T16:04:45 IST" name="setUpClass" finished-at="2023-06-08T16:04:45 IST" duration-ms="35" status="PASS">
          <params>
            <param index="0">
              <value>
                <![CDATA[org.testng.TestRunner@df9d400]]>
              </value>
            </param>
          </params>
          <reporter-output>
          </reporter-output>
        </test-method> <!-- setUpClass -->
        <test-method signature="runScenario(io.cucumber.testng.PickleWrapper,io.cucumber.testng.FeatureWrapper)[pri:0, instance:testrunner.Login_page_Excel@20ccf40b]" started-at="2023-06-08T16:04:45 IST" name="runScenario" description="Runs Cucumber Scenarios" data-provider="scenarios" finished-at="2023-06-08T16:05:00 IST" duration-ms="14716" status="PASS">
          <params>
            <param index="0">
              <value>
                <![CDATA["Check login is unsuccessfull with invalid credentials"]]>
              </value>
            </param>
            <param index="1">
              <value>
                <![CDATA["To check invalid login functionality"]]>
              </value>
            </param>
          </params>
          <reporter-output>
          </reporter-output>
        </test-method> <!-- runScenario -->
        <test-method is-config="true" signature="tearDownClass()[pri:0, instance:testrunner.Login_page_Excel@20ccf40b]" started-at="2023-06-08T16:05:00 IST" name="tearDownClass" finished-at="2023-06-08T16:05:00 IST" duration-ms="31" status="PASS">
          <reporter-output>
          </reporter-output>
        </test-method> <!-- tearDownClass -->
      </class> <!-- testrunner.Login_page_Excel -->
      <class name="testrunner.LoginPage_testrunner2">
        <test-method is-config="true" signature="setUpClass(org.testng.ITestContext)[pri:0, instance:testrunner.LoginPage_testrunner2@2b91004a]" started-at="2023-06-08T16:04:15 IST" name="setUpClass" finished-at="2023-06-08T16:04:15 IST" duration-ms="28" status="PASS">
          <params>
            <param index="0">
              <value>
                <![CDATA[org.testng.TestRunner@df9d400]]>
              </value>
            </param>
          </params>
          <reporter-output>
          </reporter-output>
        </test-method> <!-- setUpClass -->
        <test-method signature="runScenario(io.cucumber.testng.PickleWrapper,io.cucumber.testng.FeatureWrapper)[pri:0, instance:testrunner.LoginPage_testrunner2@2b91004a]" started-at="2023-06-08T16:04:15 IST" name="runScenario" description="Runs Cucumber Scenarios" data-provider="scenarios" finished-at="2023-06-08T16:04:27 IST" duration-ms="12604" status="PASS">
          <params>
            <param index="0">
              <value>
                <![CDATA["Check login is unsuccessfull with invalid mobilenumber"]]>
              </value>
            </param>
            <param index="1">
              <value>
                <![CDATA["To check invalid login functionality"]]>
              </value>
            </param>
          </params>
          <reporter-output>
          </reporter-output>
        </test-method> <!-- runScenario -->
        <test-method signature="runScenario(io.cucumber.testng.PickleWrapper,io.cucumber.testng.FeatureWrapper)[pri:0, instance:testrunner.LoginPage_testrunner2@2b91004a]" started-at="2023-06-08T16:04:27 IST" name="runScenario" description="Runs Cucumber Scenarios" data-provider="scenarios" finished-at="2023-06-08T16:04:45 IST" duration-ms="17703" status="PASS">
          <params>
            <param index="0">
              <value>
                <![CDATA["Check login is unsuccessfull with invalid otp"]]>
              </value>
            </param>
            <param index="1">
              <value>
                <![CDATA["To check invalid login functionality"]]>
              </value>
            </param>
          </params>
          <reporter-output>
          </reporter-output>
        </test-method> <!-- runScenario -->
        <test-method is-config="true" signature="tearDownClass()[pri:0, instance:testrunner.LoginPage_testrunner2@2b91004a]" started-at="2023-06-08T16:04:45 IST" name="tearDownClass" finished-at="2023-06-08T16:04:45 IST" duration-ms="50" status="PASS">
          <reporter-output>
          </reporter-output>
        </test-method> <!-- tearDownClass -->
      </class> <!-- testrunner.LoginPage_testrunner2 -->
    </test> <!-- Test -->
  </suite> <!-- Suite -->
</testng-results>
