<?xml version="1.0" encoding="UTF-8"?>
<testng-results ignored="0" total="2" passed="2" failed="0" skipped="0">
  <reporter-output>
  </reporter-output>
  <suite started-at="2023-06-08T12:53:59 IST" name="Default suite" finished-at="2023-06-08T12:54:30 IST" duration-ms="30911">
    <groups>
      <group name="cucumber">
        <method signature="AbstractTestNGCucumberTests.runScenario(io.cucumber.testng.PickleWrapper,io.cucumber.testng.FeatureWrapper)[pri:0, instance:testrunner.LoginPage_testrunner2@740cae06]" name="runScenario" class="io.cucumber.testng.AbstractTestNGCucumberTests"/>
      </group> <!-- cucumber -->
    </groups>
    <test started-at="2023-06-08T12:53:59 IST" name="Default test" finished-at="2023-06-08T12:54:30 IST" duration-ms="30911">
      <class name="testrunner.LoginPage_testrunner2">
        <test-method is-config="true" signature="setUpClass(org.testng.ITestContext)[pri:0, instance:testrunner.LoginPage_testrunner2@740cae06]" started-at="2023-06-08T12:53:59 IST" name="setUpClass" finished-at="2023-06-08T12:54:00 IST" duration-ms="1033" status="PASS">
          <params>
            <param index="0">
              <value>
                <![CDATA[org.testng.TestRunner@5b1c32e4]]>
              </value>
            </param>
          </params>
          <reporter-output>
          </reporter-output>
        </test-method> <!-- setUpClass -->
        <test-method signature="runScenario(io.cucumber.testng.PickleWrapper,io.cucumber.testng.FeatureWrapper)[pri:0, instance:testrunner.LoginPage_testrunner2@740cae06]" started-at="2023-06-08T12:54:00 IST" name="runScenario" description="Runs Cucumber Scenarios" data-provider="scenarios" finished-at="2023-06-08T12:54:14 IST" duration-ms="14043" status="PASS">
          <params>
            <param index="0">
              <value>
                <![CDATA["Check login is unsuccessfull with invalid mobilenumber"]]>
              </value>
            </param>
            <param index="1">
              <value>
                <![CDATA["To check invalid login functionality"]]>
              </value>
            </param>
          </params>
          <reporter-output>
          </reporter-output>
        </test-method> <!-- runScenario -->
        <test-method signature="runScenario(io.cucumber.testng.PickleWrapper,io.cucumber.testng.FeatureWrapper)[pri:0, instance:testrunner.LoginPage_testrunner2@740cae06]" started-at="2023-06-08T12:54:14 IST" name="runScenario" description="Runs Cucumber Scenarios" data-provider="scenarios" finished-at="2023-06-08T12:54:30 IST" duration-ms="15658" status="PASS">
          <params>
            <param index="0">
              <value>
                <![CDATA["Check login is unsuccessfull with invalid otp"]]>
              </value>
            </param>
            <param index="1">
              <value>
                <![CDATA["To check invalid login functionality"]]>
              </value>
            </param>
          </params>
          <reporter-output>
          </reporter-output>
        </test-method> <!-- runScenario -->
        <test-method is-config="true" signature="tearDownClass()[pri:0, instance:testrunner.LoginPage_testrunner2@740cae06]" started-at="2023-06-08T12:54:30 IST" name="tearDownClass" finished-at="2023-06-08T12:54:30 IST" duration-ms="127" status="PASS">
          <reporter-output>
          </reporter-output>
        </test-method> <!-- tearDownClass -->
      </class> <!-- testrunner.LoginPage_testrunner2 -->
    </test> <!-- Default test -->
  </suite> <!-- Default suite -->
</testng-results>
